\BOOKMARK [0][]{chapter.1}{\376\377\0001\000\040\137\025\212\000}{}% 1
\BOOKMARK [1][]{section.1.1}{\376\377\0001\000.\0001\000\040\134\004\230\221\165\065\215\357\213\276\213\241\166\204\221\315\211\201\140\047}{chapter.1}% 2
\BOOKMARK [1][]{section.1.2}{\376\377\0001\000.\0002\000\040\221\317\176\262\116\016\123\125\117\115}{chapter.1}% 3
\BOOKMARK [1][]{section.1.3}{\376\377\0001\000.\0003\000\040\230\221\214\061}{chapter.1}% 4
\BOOKMARK [1][]{section.1.4}{\376\377\0001\000.\0004\000\040\145\340\156\220\126\150\116\366\166\204\134\004\230\221\162\171\140\047}{chapter.1}% 5
\BOOKMARK [2][]{subsection.1.4.1}{\376\377\0001\000.\0004\000.\0001\000\040\215\213\200\244\145\110\136\224}{section.1.4}% 6
\BOOKMARK [2][]{subsection.1.4.2}{\376\377\0001\000.\0004\000.\0002\000\040\232\330\230\221\165\065\226\073}{section.1.4}% 7
\BOOKMARK [1][]{section.1.5}{\376\377\0001\000.\0005\000\040\232\330\230\221\165\065\133\271}{chapter.1}% 8
\BOOKMARK [1][]{section.1.6}{\376\377\0001\000.\0006\000\040\232\330\230\221\165\065\141\037}{chapter.1}% 9
\BOOKMARK [1][]{section.1.7}{\376\377\0001\000.\0007\000\040\215\064\162\107\121\103\116\366\123\312\165\065\215\357\147\177}{chapter.1}% 10
\BOOKMARK [0][]{chapter.2}{\376\377\0002\000\040\117\040\217\223\176\277\164\006\213\272}{}% 11
\BOOKMARK [1][]{section.2.1}{\376\377\0002\000.\0001\000\040\117\040\217\223\176\277\164\006\213\272\166\204\147\054\215\050}{chapter.2}% 12
\BOOKMARK [2][]{subsection.2.1.1}{\376\377\0002\000.\0001\000.\0001\000\040\226\306\116\055\123\302\145\160\164\006\213\272\116\016\122\006\136\003\123\302\145\160\164\006\213\272}{section.2.1}% 13
\BOOKMARK [2][]{subsection.2.1.2}{\376\377\0002\000.\0001\000.\0002\000\040\164\006\213\272\127\372\170\100}{section.2.1}% 14
\BOOKMARK [1][]{section.2.2}{\376\377\0002\000.\0002\000\040\117\040\217\223\176\277\133\236\117\213}{chapter.2}% 15
\BOOKMARK [2][]{subsection.2.2.1}{\376\377\0002\000.\0002\000.\0001\000\040\123\314\176\277\117\040\217\223\176\277}{section.2.2}% 16
\BOOKMARK [2][]{subsection.2.2.2}{\376\377\0002\000.\0002\000.\0002\000\040\124\014\217\164\117\040\217\223\176\277}{section.2.2}% 17
\BOOKMARK [2][]{subsection.2.2.3}{\376\377\0002\000.\0002\000.\0003\000\040\137\256\136\046\117\040\217\223\176\277\000\040\377\010\221\315\211\201\377\011}{section.2.2}% 18
\BOOKMARK [2][]{subsection.2.2.4}{\376\377\0002\000.\0002\000.\0004\000\040\137\256\136\046\176\277\166\204\213\276\213\241}{section.2.2}% 19
\BOOKMARK [1][]{section.2.3}{\376\377\0002\000.\0003\000\040\117\040\217\223\176\277\145\271\172\013}{chapter.2}% 20
\BOOKMARK [2][]{subsection.2.3.1}{\376\377\0002\000.\0003\000.\0001\000\040\127\372\134\024\227\015\131\053\165\065\123\213\165\065\155\101\133\232\137\213}{section.2.3}% 21
\BOOKMARK [2][]{subsection.2.3.2}{\376\377\0002\000.\0003\000.\0002\000\040\162\171\137\201\226\073\142\227}{section.2.3}% 22
\BOOKMARK [1][]{section.2.4}{\376\377\0002\000.\0004\000\040\176\310\172\357\122\240\217\175\166\204\145\340\143\137\200\027\117\040\217\223\176\277\377\010\221\315\211\201\377\011}{chapter.2}% 23
\BOOKMARK [2][]{subsection.2.4.1}{\376\377\0002\000.\0004\000.\0001\000\040\123\315\134\004\174\373\145\160\116\016\217\223\121\145\226\073\142\227}{section.2.4}% 24
\BOOKMARK [2][]{subsection.2.4.2}{\376\377\0002\000.\0004\000.\0002\000\040\121\170\127\213\176\310\172\357\147\141\116\366}{section.2.4}% 25
\BOOKMARK [3][]{subsubsection.2.4.2.1}{\376\377\0002\000.\0004\000.\0002\000.\0001\000\040\176\310\172\357\167\355\215\357\166\204\117\040\217\223\176\277}{subsection.2.4.2}% 26
\BOOKMARK [0][]{chapter.3}{\376\377\0003\000\040\123\362\133\306\145\257\127\006\126\376}{}% 27
\BOOKMARK [1][]{section.3.1}{\376\377\0003\000.\0001\000\040\123\315\134\004\174\373\145\160\116\016\215\037\217\175\226\073\142\227}{chapter.3}% 28
\BOOKMARK [2][]{subsection.3.1.1}{\376\377\0003\000.\0001\000.\0001\000\040\131\015\145\160\137\142\137\017\166\204\123\315\134\004\174\373\145\160}{section.3.1}% 29
\BOOKMARK [2][]{subsection.3.1.2}{\376\377\0003\000.\0001\000.\0002\000\040\137\122\116\000\123\026\226\073\142\227\121\154\137\017}{section.3.1}% 30
\BOOKMARK [2][]{subsection.3.1.3}{\376\377\0003\000.\0001\000.\0003\000\040\123\315\134\004\174\373\145\160\166\204\123\302\221\317\145\271\172\013}{section.3.1}% 31
\BOOKMARK [2][]{subsection.3.1.4}{\376\377\0003\000.\0001\000.\0004\000\040\126\376\211\343\210\150\171\072\154\325}{section.3.1}% 32
\BOOKMARK [1][]{section.3.2}{\376\377\0003\000.\0002\000\040\226\073\142\227\123\330\143\142}{chapter.3}% 33
\BOOKMARK [2][]{subsection.3.2.1}{\376\377\0003\000.\0002\000.\0001\000\040\215\037\217\175\166\204\226\073\142\227\123\330\143\142}{section.3.2}% 34
\BOOKMARK [2][]{subsection.3.2.2}{\376\377\0003\000.\0002\000.\0002\000\040\232\173\154\342\174\373\145\160}{section.3.2}% 35
\BOOKMARK [2][]{subsection.3.2.3}{\376\377\0003\000.\0002\000.\0003\000\040\162\171\153\212\166\204\123\330\143\142\147\141\116\366}{section.3.2}% 36
\BOOKMARK [1][]{section.3.3}{\376\377\0003\000.\0003\000\040\133\374\176\263\123\330\143\142}{chapter.3}% 37
\BOOKMARK [1][]{section.3.4}{\376\377\0003\000.\0004\000\040\136\166\200\124\124\214\116\062\200\124\165\065\215\357}{chapter.3}% 38
\BOOKMARK [0][]{chapter.4}{\376\377\0004\000\040\000E\000l\000e\000g\000a\000n\000t\000B\000o\000o\000k\000\040\213\276\177\156\213\364\146\016}{}% 39
\BOOKMARK [1][]{section.4.1}{\376\377\0004\000.\0001\000\040\213\355\212\000\152\041\137\017}{chapter.4}% 40
\BOOKMARK [1][]{section.4.2}{\376\377\0004\000.\0002\000\040\213\276\131\007\220\011\230\171}{chapter.4}% 41
\BOOKMARK [1][]{section.4.3}{\376\377\0004\000.\0003\000\040\230\234\202\162\116\073\230\230}{chapter.4}% 42
\BOOKMARK [1][]{section.4.4}{\376\377\0004\000.\0004\000\040\134\001\227\142}{chapter.4}% 43
\BOOKMARK [2][]{subsection.4.4.1}{\376\377\0004\000.\0004\000.\0001\000\040\134\001\227\142\116\052\140\047\123\026}{section.4.4}% 44
\BOOKMARK [2][]{subsection.4.4.2}{\376\377\0004\000.\0004\000.\0002\000\040\134\001\227\142\126\376}{section.4.4}% 45
\BOOKMARK [2][]{subsection.4.4.3}{\376\377\0004\000.\0004\000.\0003\000\040\137\275\150\007}{section.4.4}% 46
\BOOKMARK [2][]{subsection.4.4.4}{\376\377\0004\000.\0004\000.\0004\000\040\201\352\133\232\116\111\134\001\227\142}{section.4.4}% 47
\BOOKMARK [1][]{section.4.5}{\376\377\0004\000.\0005\000\040\172\340\150\007\150\007\230\230}{chapter.4}% 48
\BOOKMARK [1][]{section.4.6}{\376\377\0004\000.\0006\000\040\145\160\133\146\163\257\130\203\173\200\116\313}{chapter.4}% 49
\BOOKMARK [2][]{subsection.4.6.1}{\376\377\0004\000.\0006\000.\0001\000\040\133\232\164\006\174\173\163\257\130\203\166\204\117\177\165\050}{section.4.6}% 50
\BOOKMARK [2][]{subsection.4.6.2}{\376\377\0004\000.\0006\000.\0002\000\040\117\356\145\071\213\241\145\160\126\150}{section.4.6}% 51
\BOOKMARK [2][]{subsection.4.6.3}{\376\377\0004\000.\0006\000.\0003\000\040\121\166\116\326\163\257\130\203\166\204\117\177\165\050}{section.4.6}% 52
\BOOKMARK [1][]{section.4.7}{\376\377\0004\000.\0007\000\040\122\027\210\150\163\257\130\203}{chapter.4}% 53
\BOOKMARK [1][]{section.4.8}{\376\377\0004\000.\0008\000\040\123\302\200\003\145\207\163\056}{chapter.4}% 54
\BOOKMARK [1][]{section.4.9}{\376\377\0004\000.\0009\000\040\155\373\122\240\136\217\172\340}{chapter.4}% 55
\BOOKMARK [1][]{section.4.10}{\376\377\0004\000.\0001\0000\000\040\166\356\137\125\220\011\230\171\116\016\155\361\136\246}{chapter.4}% 56
\BOOKMARK [1][]{section.4.11}{\376\377\0004\000.\0001\0001\000\040\172\340\202\202\144\130\211\201}{chapter.4}% 57
\BOOKMARK [1][]{section.4.12}{\376\377\0004\000.\0001\0002\000\040\172\340\124\016\116\140\230\230}{chapter.4}% 58
\BOOKMARK [1][]{section*.35}{\376\377\176\303\116\140}{chapter.4}% 59
\BOOKMARK [1][]{section.4.13}{\376\377\0004\000.\0001\0003\000\040\145\301\154\350}{chapter.4}% 60
\BOOKMARK [0][]{chapter.5}{\376\377\0005\000\040\133\127\117\123\220\011\230\171}{}% 61
\BOOKMARK [1][]{section.5.1}{\376\377\0005\000.\0001\000\040\145\160\133\146\133\127\117\123\220\011\230\171}{chapter.5}% 62
\BOOKMARK [1][]{section.5.2}{\376\377\0005\000.\0002\000\040\117\177\165\050\000\040\000n\000e\000w\000t\000x\000\040\174\373\122\027\133\127\117\123}{chapter.5}% 63
\BOOKMARK [2][]{subsection.5.2.1}{\376\377\0005\000.\0002\000.\0001\000\040\217\336\133\127\173\046}{section.5.2}% 64
\BOOKMARK [2][]{subsection.5.2.2}{\376\377\0005\000.\0002\000.\0002\000\040\133\217\123\005\121\262\172\201}{section.5.2}% 65
\BOOKMARK [1][]{section.5.3}{\376\377\0005\000.\0003\000\040\116\055\145\207\133\127\117\123\220\011\230\171}{chapter.5}% 66
\BOOKMARK [2][]{subsection.5.3.1}{\376\377\0005\000.\0003\000.\0001\000\040\145\271\153\143\133\127\117\123\220\011\230\171}{section.5.3}% 67
\BOOKMARK [2][]{subsection.5.3.2}{\376\377\0005\000.\0003\000.\0002\000\040\121\166\116\326\116\055\145\207\133\127\117\123}{section.5.3}% 68
\BOOKMARK [0][]{chapter.6}{\376\377\0006\000\040\000E\000l\000e\000g\000a\000n\000t\000B\000o\000o\000k\000\040\121\231\117\134\171\072\117\213}{}% 69
\BOOKMARK [1][]{section.6.1}{\376\377\0006\000.\0001\000\040\000L\000e\000b\000e\000s\000g\000u\000e\000\040\171\357\122\006}{chapter.6}% 70
\BOOKMARK [2][]{subsection.6.1.1}{\376\377\0006\000.\0001\000.\0001\000\040\171\357\122\006\166\204\133\232\116\111}{section.6.1}% 71
\BOOKMARK [1][]{section*.38}{\376\377\176\303\116\140}{chapter.6}% 72
\BOOKMARK [0][]{chapter.7}{\376\377\0007\000\040\136\070\211\301\225\356\230\230\226\306}{}% 73
\BOOKMARK [0][]{chapter.8}{\376\377\0008\000\040\162\110\147\054\146\364\145\260\123\206\123\362}{}% 74
\BOOKMARK [0][]{appendix.A}{\376\377\000A\000\040\127\372\147\054\145\160\133\146\135\345\121\167}{}% 75
\BOOKMARK [1][]{section.A.1}{\376\377\000A\000.\0001\000\040\154\102\124\214\173\227\133\120\116\016\143\317\217\360\176\337\213\241\221\317}{appendix.A}% 76
